CRITICAL - 2025-06-05 10:19:34 --> CodeIgniter\View\Exceptions\ViewException: Invalid file: "welcome_message.php"
[Method: GET, Route: /]
in SYSTEMPATH\Exceptions\FrameworkException.php on line 39.
 1 SYSTEMPATH\View\View.php(212): CodeIgniter\Exceptions\FrameworkException::forInvalidFile('welcome_message.php')
 2 SYSTEMPATH\Common.php(1173): CodeIgniter\View\View->render('welcome_message', [], true)
 3 APPPATH\Controllers\Home.php(9): view('welcome_message')
 4 SYSTEMPATH\CodeIgniter.php(933): App\Controllers\Home->index()
 5 SYSTEMPATH\CodeIgniter.php(507): CodeIgniter\CodeIgniter->runController(Object(App\Controllers\Home))
 6 SYSTEMPATH\CodeIgniter.php(354): CodeIgniter\CodeIgniter->handleRequest(null, Object(Config\Cache), false)
 7 SYSTEMPATH\Boot.php(334): CodeIgniter\CodeIgniter->run()
 8 SYSTEMPATH\Boot.php(67): CodeIgniter\Boot::runCodeIgniter(Object(CodeIgniter\CodeIgniter))
 9 FCPATH\index.php(59): CodeIgniter\Boot::bootWeb(Object(Config\Paths))
10 SYSTEMPATH\rewrite.php(44): require_once('C:\\Users\\olajo\\Desktop\\Project\\public\\index.php')
CRITICAL - 2025-06-05 13:06:03 --> CodeIgniter\View\Exceptions\ViewException: Invalid file: "partials/header.php"
[Method: GET, Route: /]
in SYSTEMPATH\Exceptions\FrameworkException.php on line 39.
 1 SYSTEMPATH\View\View.php(212): CodeIgniter\Exceptions\FrameworkException::forInvalidFile('partials/header.php')
 2 SYSTEMPATH\Common.php(1173): CodeIgniter\View\View->render('partials/header', [], true)
 3 APPPATH\Views\index.php(6): view('partials/header')
 4 SYSTEMPATH\View\View.php(224): include('C:\\Users\\olajo\\Desktop\\Project\\app\\Views\\index.php')
 5 SYSTEMPATH\View\View.php(227): CodeIgniter\View\View->{closure:CodeIgniter\View\View::render():221}()
 6 SYSTEMPATH\Common.php(1173): CodeIgniter\View\View->render('index', [], true)
 7 APPPATH\Controllers\Home.php(9): view('index')
 8 SYSTEMPATH\CodeIgniter.php(933): App\Controllers\Home->index()
 9 SYSTEMPATH\CodeIgniter.php(507): CodeIgniter\CodeIgniter->runController(Object(App\Controllers\Home))
10 SYSTEMPATH\CodeIgniter.php(354): CodeIgniter\CodeIgniter->handleRequest(null, Object(Config\Cache), false)
11 SYSTEMPATH\Boot.php(334): CodeIgniter\CodeIgniter->run()
12 SYSTEMPATH\Boot.php(67): CodeIgniter\Boot::runCodeIgniter(Object(CodeIgniter\CodeIgniter))
13 FCPATH\index.php(59): CodeIgniter\Boot::bootWeb(Object(Config\Paths))
14 SYSTEMPATH\rewrite.php(44): require_once('C:\\Users\\olajo\\Desktop\\Project\\public\\index.php')
CRITICAL - 2025-06-05 13:06:14 --> CodeIgniter\View\Exceptions\ViewException: Invalid file: "partials/header.php"
[Method: GET, Route: /]
in SYSTEMPATH\Exceptions\FrameworkException.php on line 39.
 1 SYSTEMPATH\View\View.php(212): CodeIgniter\Exceptions\FrameworkException::forInvalidFile('partials/header.php')
 2 SYSTEMPATH\Common.php(1173): CodeIgniter\View\View->render('partials/header', [], true)
 3 APPPATH\Views\index.php(6): view('partials/header')
 4 SYSTEMPATH\View\View.php(224): include('C:\\Users\\olajo\\Desktop\\Project\\app\\Views\\index.php')
 5 SYSTEMPATH\View\View.php(227): CodeIgniter\View\View->{closure:CodeIgniter\View\View::render():221}()
 6 SYSTEMPATH\Common.php(1173): CodeIgniter\View\View->render('index', [], true)
 7 APPPATH\Controllers\Home.php(9): view('index')
 8 SYSTEMPATH\CodeIgniter.php(933): App\Controllers\Home->index()
 9 SYSTEMPATH\CodeIgniter.php(507): CodeIgniter\CodeIgniter->runController(Object(App\Controllers\Home))
10 SYSTEMPATH\CodeIgniter.php(354): CodeIgniter\CodeIgniter->handleRequest(null, Object(Config\Cache), false)
11 SYSTEMPATH\Boot.php(334): CodeIgniter\CodeIgniter->run()
12 SYSTEMPATH\Boot.php(67): CodeIgniter\Boot::runCodeIgniter(Object(CodeIgniter\CodeIgniter))
13 FCPATH\index.php(59): CodeIgniter\Boot::bootWeb(Object(Config\Paths))
14 SYSTEMPATH\rewrite.php(44): require_once('C:\\Users\\olajo\\Desktop\\Project\\public\\index.php')
CRITICAL - 2025-06-05 13:06:53 --> CodeIgniter\View\Exceptions\ViewException: Invalid file: "partials/header.php"
[Method: GET, Route: /]
in SYSTEMPATH\Exceptions\FrameworkException.php on line 39.
 1 SYSTEMPATH\View\View.php(212): CodeIgniter\Exceptions\FrameworkException::forInvalidFile('partials/header.php')
 2 SYSTEMPATH\Common.php(1173): CodeIgniter\View\View->render('partials/header', [], true)
 3 APPPATH\Views\index.php(6): view('partials/header')
 4 SYSTEMPATH\View\View.php(224): include('C:\\Users\\olajo\\Desktop\\Project\\app\\Views\\index.php')
 5 SYSTEMPATH\View\View.php(227): CodeIgniter\View\View->{closure:CodeIgniter\View\View::render():221}()
 6 SYSTEMPATH\Common.php(1173): CodeIgniter\View\View->render('index', [], true)
 7 APPPATH\Controllers\Home.php(9): view('index')
 8 SYSTEMPATH\CodeIgniter.php(933): App\Controllers\Home->index()
 9 SYSTEMPATH\CodeIgniter.php(507): CodeIgniter\CodeIgniter->runController(Object(App\Controllers\Home))
10 SYSTEMPATH\CodeIgniter.php(354): CodeIgniter\CodeIgniter->handleRequest(null, Object(Config\Cache), false)
11 SYSTEMPATH\Boot.php(334): CodeIgniter\CodeIgniter->run()
12 SYSTEMPATH\Boot.php(67): CodeIgniter\Boot::runCodeIgniter(Object(CodeIgniter\CodeIgniter))
13 FCPATH\index.php(59): CodeIgniter\Boot::bootWeb(Object(Config\Paths))
14 SYSTEMPATH\rewrite.php(44): require_once('C:\\Users\\olajo\\Desktop\\Project\\public\\index.php')
CRITICAL - 2025-06-05 13:07:01 --> CodeIgniter\View\Exceptions\ViewException: Invalid file: "partials/header.php"
[Method: GET, Route: /]
in SYSTEMPATH\Exceptions\FrameworkException.php on line 39.
 1 SYSTEMPATH\View\View.php(212): CodeIgniter\Exceptions\FrameworkException::forInvalidFile('partials/header.php')
 2 SYSTEMPATH\Common.php(1173): CodeIgniter\View\View->render('partials/header', [], true)
 3 APPPATH\Views\index.php(6): view('partials/header')
 4 SYSTEMPATH\View\View.php(224): include('C:\\Users\\olajo\\Desktop\\Project\\app\\Views\\index.php')
 5 SYSTEMPATH\View\View.php(227): CodeIgniter\View\View->{closure:CodeIgniter\View\View::render():221}()
 6 SYSTEMPATH\Common.php(1173): CodeIgniter\View\View->render('index', [], true)
 7 APPPATH\Controllers\Home.php(9): view('index')
 8 SYSTEMPATH\CodeIgniter.php(933): App\Controllers\Home->index()
 9 SYSTEMPATH\CodeIgniter.php(507): CodeIgniter\CodeIgniter->runController(Object(App\Controllers\Home))
10 SYSTEMPATH\CodeIgniter.php(354): CodeIgniter\CodeIgniter->handleRequest(null, Object(Config\Cache), false)
11 SYSTEMPATH\Boot.php(334): CodeIgniter\CodeIgniter->run()
12 SYSTEMPATH\Boot.php(67): CodeIgniter\Boot::runCodeIgniter(Object(CodeIgniter\CodeIgniter))
13 FCPATH\index.php(59): CodeIgniter\Boot::bootWeb(Object(Config\Paths))
14 SYSTEMPATH\rewrite.php(44): require_once('C:\\Users\\olajo\\Desktop\\Project\\public\\index.php')
CRITICAL - 2025-06-05 13:07:10 --> CodeIgniter\View\Exceptions\ViewException: Invalid file: "partials/header.php"
[Method: GET, Route: /]
in SYSTEMPATH\Exceptions\FrameworkException.php on line 39.
 1 SYSTEMPATH\View\View.php(212): CodeIgniter\Exceptions\FrameworkException::forInvalidFile('partials/header.php')
 2 SYSTEMPATH\Common.php(1173): CodeIgniter\View\View->render('partials/header', [], true)
 3 APPPATH\Views\index.php(6): view('partials/header')
 4 SYSTEMPATH\View\View.php(224): include('C:\\Users\\olajo\\Desktop\\Project\\app\\Views\\index.php')
 5 SYSTEMPATH\View\View.php(227): CodeIgniter\View\View->{closure:CodeIgniter\View\View::render():221}()
 6 SYSTEMPATH\Common.php(1173): CodeIgniter\View\View->render('index', [], true)
 7 APPPATH\Controllers\Home.php(9): view('index')
 8 SYSTEMPATH\CodeIgniter.php(933): App\Controllers\Home->index()
 9 SYSTEMPATH\CodeIgniter.php(507): CodeIgniter\CodeIgniter->runController(Object(App\Controllers\Home))
10 SYSTEMPATH\CodeIgniter.php(354): CodeIgniter\CodeIgniter->handleRequest(null, Object(Config\Cache), false)
11 SYSTEMPATH\Boot.php(334): CodeIgniter\CodeIgniter->run()
12 SYSTEMPATH\Boot.php(67): CodeIgniter\Boot::runCodeIgniter(Object(CodeIgniter\CodeIgniter))
13 FCPATH\index.php(59): CodeIgniter\Boot::bootWeb(Object(Config\Paths))
CRITICAL - 2025-06-05 13:07:13 --> CodeIgniter\View\Exceptions\ViewException: Invalid file: "partials/header.php"
[Method: GET, Route: /]
in SYSTEMPATH\Exceptions\FrameworkException.php on line 39.
 1 SYSTEMPATH\View\View.php(212): CodeIgniter\Exceptions\FrameworkException::forInvalidFile('partials/header.php')
 2 SYSTEMPATH\Common.php(1173): CodeIgniter\View\View->render('partials/header', [], true)
 3 APPPATH\Views\index.php(6): view('partials/header')
 4 SYSTEMPATH\View\View.php(224): include('C:\\Users\\olajo\\Desktop\\Project\\app\\Views\\index.php')
 5 SYSTEMPATH\View\View.php(227): CodeIgniter\View\View->{closure:CodeIgniter\View\View::render():221}()
 6 SYSTEMPATH\Common.php(1173): CodeIgniter\View\View->render('index', [], true)
 7 APPPATH\Controllers\Home.php(9): view('index')
 8 SYSTEMPATH\CodeIgniter.php(933): App\Controllers\Home->index()
 9 SYSTEMPATH\CodeIgniter.php(507): CodeIgniter\CodeIgniter->runController(Object(App\Controllers\Home))
10 SYSTEMPATH\CodeIgniter.php(354): CodeIgniter\CodeIgniter->handleRequest(null, Object(Config\Cache), false)
11 SYSTEMPATH\Boot.php(334): CodeIgniter\CodeIgniter->run()
12 SYSTEMPATH\Boot.php(67): CodeIgniter\Boot::runCodeIgniter(Object(CodeIgniter\CodeIgniter))
13 FCPATH\index.php(59): CodeIgniter\Boot::bootWeb(Object(Config\Paths))
CRITICAL - 2025-06-05 13:07:18 --> CodeIgniter\View\Exceptions\ViewException: Invalid file: "partials/header.php"
[Method: GET, Route: /]
in SYSTEMPATH\Exceptions\FrameworkException.php on line 39.
 1 SYSTEMPATH\View\View.php(212): CodeIgniter\Exceptions\FrameworkException::forInvalidFile('partials/header.php')
 2 SYSTEMPATH\Common.php(1173): CodeIgniter\View\View->render('partials/header', [], true)
 3 APPPATH\Views\index.php(6): view('partials/header')
 4 SYSTEMPATH\View\View.php(224): include('C:\\Users\\olajo\\Desktop\\Project\\app\\Views\\index.php')
 5 SYSTEMPATH\View\View.php(227): CodeIgniter\View\View->{closure:CodeIgniter\View\View::render():221}()
 6 SYSTEMPATH\Common.php(1173): CodeIgniter\View\View->render('index', [], true)
 7 APPPATH\Controllers\Home.php(9): view('index')
 8 SYSTEMPATH\CodeIgniter.php(933): App\Controllers\Home->index()
 9 SYSTEMPATH\CodeIgniter.php(507): CodeIgniter\CodeIgniter->runController(Object(App\Controllers\Home))
10 SYSTEMPATH\CodeIgniter.php(354): CodeIgniter\CodeIgniter->handleRequest(null, Object(Config\Cache), false)
11 SYSTEMPATH\Boot.php(334): CodeIgniter\CodeIgniter->run()
12 SYSTEMPATH\Boot.php(67): CodeIgniter\Boot::runCodeIgniter(Object(CodeIgniter\CodeIgniter))
13 FCPATH\index.php(59): CodeIgniter\Boot::bootWeb(Object(Config\Paths))
CRITICAL - 2025-06-05 13:08:19 --> CodeIgniter\View\Exceptions\ViewException: Invalid file: "partials/header.php"
[Method: GET, Route: /]
in SYSTEMPATH\Exceptions\FrameworkException.php on line 39.
 1 SYSTEMPATH\View\View.php(212): CodeIgniter\Exceptions\FrameworkException::forInvalidFile('partials/header.php')
 2 SYSTEMPATH\Common.php(1173): CodeIgniter\View\View->render('partials/header', [], true)
 3 APPPATH\Views\index.php(6): view('partials/header')
 4 SYSTEMPATH\View\View.php(224): include('C:\\Users\\olajo\\Desktop\\Project\\app\\Views\\index.php')
 5 SYSTEMPATH\View\View.php(227): CodeIgniter\View\View->{closure:CodeIgniter\View\View::render():221}()
 6 SYSTEMPATH\Common.php(1173): CodeIgniter\View\View->render('index', [], true)
 7 APPPATH\Controllers\Home.php(9): view('index')
 8 SYSTEMPATH\CodeIgniter.php(933): App\Controllers\Home->index()
 9 SYSTEMPATH\CodeIgniter.php(507): CodeIgniter\CodeIgniter->runController(Object(App\Controllers\Home))
10 SYSTEMPATH\CodeIgniter.php(354): CodeIgniter\CodeIgniter->handleRequest(null, Object(Config\Cache), false)
11 SYSTEMPATH\Boot.php(334): CodeIgniter\CodeIgniter->run()
12 SYSTEMPATH\Boot.php(67): CodeIgniter\Boot::runCodeIgniter(Object(CodeIgniter\CodeIgniter))
13 FCPATH\index.php(59): CodeIgniter\Boot::bootWeb(Object(Config\Paths))
CRITICAL - 2025-06-05 13:08:20 --> CodeIgniter\View\Exceptions\ViewException: Invalid file: "partials/header.php"
[Method: GET, Route: /]
in SYSTEMPATH\Exceptions\FrameworkException.php on line 39.
 1 SYSTEMPATH\View\View.php(212): CodeIgniter\Exceptions\FrameworkException::forInvalidFile('partials/header.php')
 2 SYSTEMPATH\Common.php(1173): CodeIgniter\View\View->render('partials/header', [], true)
 3 APPPATH\Views\index.php(6): view('partials/header')
 4 SYSTEMPATH\View\View.php(224): include('C:\\Users\\olajo\\Desktop\\Project\\app\\Views\\index.php')
 5 SYSTEMPATH\View\View.php(227): CodeIgniter\View\View->{closure:CodeIgniter\View\View::render():221}()
 6 SYSTEMPATH\Common.php(1173): CodeIgniter\View\View->render('index', [], true)
 7 APPPATH\Controllers\Home.php(9): view('index')
 8 SYSTEMPATH\CodeIgniter.php(933): App\Controllers\Home->index()
 9 SYSTEMPATH\CodeIgniter.php(507): CodeIgniter\CodeIgniter->runController(Object(App\Controllers\Home))
10 SYSTEMPATH\CodeIgniter.php(354): CodeIgniter\CodeIgniter->handleRequest(null, Object(Config\Cache), false)
11 SYSTEMPATH\Boot.php(334): CodeIgniter\CodeIgniter->run()
12 SYSTEMPATH\Boot.php(67): CodeIgniter\Boot::runCodeIgniter(Object(CodeIgniter\CodeIgniter))
13 FCPATH\index.php(59): CodeIgniter\Boot::bootWeb(Object(Config\Paths))
CRITICAL - 2025-06-05 13:08:36 --> CodeIgniter\View\Exceptions\ViewException: Invalid file: "partials/header.php"
[Method: GET, Route: /]
in SYSTEMPATH\Exceptions\FrameworkException.php on line 39.
 1 SYSTEMPATH\View\View.php(212): CodeIgniter\Exceptions\FrameworkException::forInvalidFile('partials/header.php')
 2 SYSTEMPATH\Common.php(1173): CodeIgniter\View\View->render('partials/header', [], true)
 3 APPPATH\Views\index.php(6): view('partials/header')
 4 SYSTEMPATH\View\View.php(224): include('C:\\Users\\olajo\\Desktop\\Project\\app\\Views\\index.php')
 5 SYSTEMPATH\View\View.php(227): CodeIgniter\View\View->{closure:CodeIgniter\View\View::render():221}()
 6 SYSTEMPATH\Common.php(1173): CodeIgniter\View\View->render('index', [], true)
 7 APPPATH\Controllers\Home.php(9): view('index')
 8 SYSTEMPATH\CodeIgniter.php(933): App\Controllers\Home->index()
 9 SYSTEMPATH\CodeIgniter.php(507): CodeIgniter\CodeIgniter->runController(Object(App\Controllers\Home))
10 SYSTEMPATH\CodeIgniter.php(354): CodeIgniter\CodeIgniter->handleRequest(null, Object(Config\Cache), false)
11 SYSTEMPATH\Boot.php(334): CodeIgniter\CodeIgniter->run()
12 SYSTEMPATH\Boot.php(67): CodeIgniter\Boot::runCodeIgniter(Object(CodeIgniter\CodeIgniter))
13 FCPATH\index.php(59): CodeIgniter\Boot::bootWeb(Object(Config\Paths))
CRITICAL - 2025-06-05 13:09:52 --> CodeIgniter\View\Exceptions\ViewException: Invalid file: "partials/header.php"
[Method: GET, Route: /]
in SYSTEMPATH\Exceptions\FrameworkException.php on line 39.
 1 SYSTEMPATH\View\View.php(212): CodeIgniter\Exceptions\FrameworkException::forInvalidFile('partials/header.php')
 2 SYSTEMPATH\Common.php(1173): CodeIgniter\View\View->render('partials/header', [], true)
 3 APPPATH\Views\index.php(8): view('partials/header')
 4 SYSTEMPATH\View\View.php(224): include('C:\\Users\\olajo\\Desktop\\Project\\app\\Views\\index.php')
 5 SYSTEMPATH\View\View.php(227): CodeIgniter\View\View->{closure:CodeIgniter\View\View::render():221}()
 6 SYSTEMPATH\Common.php(1173): CodeIgniter\View\View->render('index', [], true)
 7 APPPATH\Controllers\Home.php(9): view('index')
 8 SYSTEMPATH\CodeIgniter.php(933): App\Controllers\Home->index()
 9 SYSTEMPATH\CodeIgniter.php(507): CodeIgniter\CodeIgniter->runController(Object(App\Controllers\Home))
10 SYSTEMPATH\CodeIgniter.php(354): CodeIgniter\CodeIgniter->handleRequest(null, Object(Config\Cache), false)
11 SYSTEMPATH\Boot.php(334): CodeIgniter\CodeIgniter->run()
12 SYSTEMPATH\Boot.php(67): CodeIgniter\Boot::runCodeIgniter(Object(CodeIgniter\CodeIgniter))
13 FCPATH\index.php(59): CodeIgniter\Boot::bootWeb(Object(Config\Paths))
CRITICAL - 2025-06-05 13:09:53 --> CodeIgniter\View\Exceptions\ViewException: Invalid file: "partials/header.php"
[Method: GET, Route: /]
in SYSTEMPATH\Exceptions\FrameworkException.php on line 39.
 1 SYSTEMPATH\View\View.php(212): CodeIgniter\Exceptions\FrameworkException::forInvalidFile('partials/header.php')
 2 SYSTEMPATH\Common.php(1173): CodeIgniter\View\View->render('partials/header', [], true)
 3 APPPATH\Views\index.php(8): view('partials/header')
 4 SYSTEMPATH\View\View.php(224): include('C:\\Users\\olajo\\Desktop\\Project\\app\\Views\\index.php')
 5 SYSTEMPATH\View\View.php(227): CodeIgniter\View\View->{closure:CodeIgniter\View\View::render():221}()
 6 SYSTEMPATH\Common.php(1173): CodeIgniter\View\View->render('index', [], true)
 7 APPPATH\Controllers\Home.php(9): view('index')
 8 SYSTEMPATH\CodeIgniter.php(933): App\Controllers\Home->index()
 9 SYSTEMPATH\CodeIgniter.php(507): CodeIgniter\CodeIgniter->runController(Object(App\Controllers\Home))
10 SYSTEMPATH\CodeIgniter.php(354): CodeIgniter\CodeIgniter->handleRequest(null, Object(Config\Cache), false)
11 SYSTEMPATH\Boot.php(334): CodeIgniter\CodeIgniter->run()
12 SYSTEMPATH\Boot.php(67): CodeIgniter\Boot::runCodeIgniter(Object(CodeIgniter\CodeIgniter))
13 FCPATH\index.php(59): CodeIgniter\Boot::bootWeb(Object(Config\Paths))
